<?xml version="1.0" encoding="UTF-8"?>
<testsuite xmlns:xsi="http://www.w3.org/2001/XMLSchema-instance" xsi:noNamespaceSchemaLocation="https://maven.apache.org/surefire/maven-surefire-plugin/xsd/surefire-test-report.xsd" name="TestSuite" time="28.005" tests="22" errors="0" skipped="0" failures="2">
  <properties>
    <property name="sun.desktop" value="windows"/>
    <property name="awt.toolkit" value="sun.awt.windows.WToolkit"/>
    <property name="file.encoding.pkg" value="sun.io"/>
    <property name="java.specification.version" value="1.8"/>
    <property name="sun.cpu.isalist" value="amd64"/>
    <property name="sun.jnu.encoding" value="Cp1252"/>
    <property name="java.class.path" value="C:\Users\sivag\eclipse-workspace\RestAssuredAutomation_FrameworkProject\target\test-classes;C:\Users\sivag\eclipse-workspace\RestAssuredAutomation_FrameworkProject\target\classes;C:\Users\sivag\.m2\repository\io\rest-assured\rest-assured\4.3.0\rest-assured-4.3.0.jar;C:\Users\sivag\.m2\repository\org\codehaus\groovy\groovy\3.0.2\groovy-3.0.2.jar;C:\Users\sivag\.m2\repository\org\codehaus\groovy\groovy-xml\3.0.2\groovy-xml-3.0.2.jar;C:\Users\sivag\.m2\repository\org\apache\httpcomponents\httpclient\4.5.3\httpclient-4.5.3.jar;C:\Users\sivag\.m2\repository\org\apache\httpcomponents\httpcore\4.4.6\httpcore-4.4.6.jar;C:\Users\sivag\.m2\repository\commons-logging\commons-logging\1.2\commons-logging-1.2.jar;C:\Users\sivag\.m2\repository\org\apache\httpcomponents\httpmime\4.5.3\httpmime-4.5.3.jar;C:\Users\sivag\.m2\repository\org\hamcrest\hamcrest\2.1\hamcrest-2.1.jar;C:\Users\sivag\.m2\repository\org\ccil\cowan\tagsoup\tagsoup\1.2.1\tagsoup-1.2.1.jar;C:\Users\sivag\.m2\repository\io\rest-assured\json-path\4.3.0\json-path-4.3.0.jar;C:\Users\sivag\.m2\repository\org\codehaus\groovy\groovy-json\3.0.2\groovy-json-3.0.2.jar;C:\Users\sivag\.m2\repository\io\rest-assured\rest-assured-common\4.3.0\rest-assured-common-4.3.0.jar;C:\Users\sivag\.m2\repository\io\rest-assured\xml-path\4.3.0\xml-path-4.3.0.jar;C:\Users\sivag\.m2\repository\org\apache\commons\commons-lang3\3.4\commons-lang3-3.4.jar;C:\Users\sivag\.m2\repository\jakarta\xml\bind\jakarta.xml.bind-api\2.3.2\jakarta.xml.bind-api-2.3.2.jar;C:\Users\sivag\.m2\repository\jakarta\activation\jakarta.activation-api\1.2.1\jakarta.activation-api-1.2.1.jar;C:\Users\sivag\.m2\repository\com\sun\xml\bind\jaxb-osgi\2.3.0.1\jaxb-osgi-2.3.0.1.jar;C:\Users\sivag\.m2\repository\org\apache\sling\org.apache.sling.javax.activation\0.1.0\org.apache.sling.javax.activation-0.1.0.jar;C:\Users\sivag\.m2\repository\javax\activation\activation\1.1.1\activation-1.1.1.jar;C:\Users\sivag\.m2\repository\com\googlecode\json-simple\json-simple\1.1.1\json-simple-1.1.1.jar;C:\Users\sivag\.m2\repository\junit\junit\4.10\junit-4.10.jar;C:\Users\sivag\.m2\repository\org\hamcrest\hamcrest-core\1.1\hamcrest-core-1.1.jar;C:\Users\sivag\.m2\repository\org\testng\testng\6.11\testng-6.11.jar;C:\Users\sivag\.m2\repository\com\beust\jcommander\1.64\jcommander-1.64.jar;C:\Users\sivag\.m2\repository\org\yaml\snakeyaml\1.17\snakeyaml-1.17.jar;C:\Users\sivag\.m2\repository\org\apache\poi\poi\4.1.2\poi-4.1.2.jar;C:\Users\sivag\.m2\repository\commons-codec\commons-codec\1.13\commons-codec-1.13.jar;C:\Users\sivag\.m2\repository\org\apache\commons\commons-collections4\4.4\commons-collections4-4.4.jar;C:\Users\sivag\.m2\repository\org\apache\commons\commons-math3\3.6.1\commons-math3-3.6.1.jar;C:\Users\sivag\.m2\repository\com\zaxxer\SparseBitSet\1.2\SparseBitSet-1.2.jar;C:\Users\sivag\.m2\repository\org\apache\poi\poi-ooxml\4.1.2\poi-ooxml-4.1.2.jar;C:\Users\sivag\.m2\repository\org\apache\poi\poi-ooxml-schemas\4.1.2\poi-ooxml-schemas-4.1.2.jar;C:\Users\sivag\.m2\repository\org\apache\xmlbeans\xmlbeans\3.1.0\xmlbeans-3.1.0.jar;C:\Users\sivag\.m2\repository\org\apache\commons\commons-compress\1.19\commons-compress-1.19.jar;C:\Users\sivag\.m2\repository\com\github\virtuald\curvesapi\1.06\curvesapi-1.06.jar;C:\Users\sivag\.m2\repository\com\aventstack\extentreports\3.0.0\extentreports-3.0.0.jar;C:\Users\sivag\.m2\repository\org\freemarker\freemarker\2.3.23\freemarker-2.3.23.jar;C:\Users\sivag\.m2\repository\org\mongodb\mongodb-driver\3.3.0\mongodb-driver-3.3.0.jar;C:\Users\sivag\.m2\repository\org\mongodb\bson\3.3.0\bson-3.3.0.jar;C:\Users\sivag\.m2\repository\org\mongodb\mongodb-driver-core\3.3.0\mongodb-driver-core-3.3.0.jar;C:\Users\sivag\.m2\repository\log4j\log4j\1.2.17\log4j-1.2.17.jar;C:\Users\sivag\.m2\repository\org\apache\maven\surefire\surefire-testng-utils\2.21.0\surefire-testng-utils-2.21.0.jar;C:\Users\sivag\.m2\repository\org\apache\maven\surefire\surefire-grouper\2.21.0\surefire-grouper-2.21.0.jar;"/>
    <property name="java.vm.vendor" value="Oracle Corporation"/>
    <property name="sun.arch.data.model" value="64"/>
    <property name="user.variant" value=""/>
    <property name="java.vendor.url" value="http://java.oracle.com/"/>
    <property name="user.timezone" value=""/>
    <property name="java.vm.specification.version" value="1.8"/>
    <property name="os.name" value="Windows 10"/>
    <property name="user.country" value="US"/>
    <property name="sun.java.launcher" value="SUN_STANDARD"/>
    <property name="sun.boot.library.path" value="C:\Program Files\Java\jdk1.8.0_241\jre\bin"/>
    <property name="sun.java.command" value="C:\Users\sivag\AppData\Local\Temp\surefire799813024145671898\surefirebooter1357020499635563018.jar C:\Users\sivag\AppData\Local\Temp\surefire799813024145671898 2020-04-25T13-58-10_857-jvmRun1 surefire2455833625497705685tmp surefire_08163260596355251344tmp"/>
    <property name="surefire.test.class.path" value="C:\Users\sivag\eclipse-workspace\RestAssuredAutomation_FrameworkProject\target\test-classes;C:\Users\sivag\eclipse-workspace\RestAssuredAutomation_FrameworkProject\target\classes;C:\Users\sivag\.m2\repository\io\rest-assured\rest-assured\4.3.0\rest-assured-4.3.0.jar;C:\Users\sivag\.m2\repository\org\codehaus\groovy\groovy\3.0.2\groovy-3.0.2.jar;C:\Users\sivag\.m2\repository\org\codehaus\groovy\groovy-xml\3.0.2\groovy-xml-3.0.2.jar;C:\Users\sivag\.m2\repository\org\apache\httpcomponents\httpclient\4.5.3\httpclient-4.5.3.jar;C:\Users\sivag\.m2\repository\org\apache\httpcomponents\httpcore\4.4.6\httpcore-4.4.6.jar;C:\Users\sivag\.m2\repository\commons-logging\commons-logging\1.2\commons-logging-1.2.jar;C:\Users\sivag\.m2\repository\org\apache\httpcomponents\httpmime\4.5.3\httpmime-4.5.3.jar;C:\Users\sivag\.m2\repository\org\hamcrest\hamcrest\2.1\hamcrest-2.1.jar;C:\Users\sivag\.m2\repository\org\ccil\cowan\tagsoup\tagsoup\1.2.1\tagsoup-1.2.1.jar;C:\Users\sivag\.m2\repository\io\rest-assured\json-path\4.3.0\json-path-4.3.0.jar;C:\Users\sivag\.m2\repository\org\codehaus\groovy\groovy-json\3.0.2\groovy-json-3.0.2.jar;C:\Users\sivag\.m2\repository\io\rest-assured\rest-assured-common\4.3.0\rest-assured-common-4.3.0.jar;C:\Users\sivag\.m2\repository\io\rest-assured\xml-path\4.3.0\xml-path-4.3.0.jar;C:\Users\sivag\.m2\repository\org\apache\commons\commons-lang3\3.4\commons-lang3-3.4.jar;C:\Users\sivag\.m2\repository\jakarta\xml\bind\jakarta.xml.bind-api\2.3.2\jakarta.xml.bind-api-2.3.2.jar;C:\Users\sivag\.m2\repository\jakarta\activation\jakarta.activation-api\1.2.1\jakarta.activation-api-1.2.1.jar;C:\Users\sivag\.m2\repository\com\sun\xml\bind\jaxb-osgi\2.3.0.1\jaxb-osgi-2.3.0.1.jar;C:\Users\sivag\.m2\repository\org\apache\sling\org.apache.sling.javax.activation\0.1.0\org.apache.sling.javax.activation-0.1.0.jar;C:\Users\sivag\.m2\repository\javax\activation\activation\1.1.1\activation-1.1.1.jar;C:\Users\sivag\.m2\repository\com\googlecode\json-simple\json-simple\1.1.1\json-simple-1.1.1.jar;C:\Users\sivag\.m2\repository\junit\junit\4.10\junit-4.10.jar;C:\Users\sivag\.m2\repository\org\hamcrest\hamcrest-core\1.1\hamcrest-core-1.1.jar;C:\Users\sivag\.m2\repository\org\testng\testng\6.11\testng-6.11.jar;C:\Users\sivag\.m2\repository\com\beust\jcommander\1.64\jcommander-1.64.jar;C:\Users\sivag\.m2\repository\org\yaml\snakeyaml\1.17\snakeyaml-1.17.jar;C:\Users\sivag\.m2\repository\org\apache\poi\poi\4.1.2\poi-4.1.2.jar;C:\Users\sivag\.m2\repository\commons-codec\commons-codec\1.13\commons-codec-1.13.jar;C:\Users\sivag\.m2\repository\org\apache\commons\commons-collections4\4.4\commons-collections4-4.4.jar;C:\Users\sivag\.m2\repository\org\apache\commons\commons-math3\3.6.1\commons-math3-3.6.1.jar;C:\Users\sivag\.m2\repository\com\zaxxer\SparseBitSet\1.2\SparseBitSet-1.2.jar;C:\Users\sivag\.m2\repository\org\apache\poi\poi-ooxml\4.1.2\poi-ooxml-4.1.2.jar;C:\Users\sivag\.m2\repository\org\apache\poi\poi-ooxml-schemas\4.1.2\poi-ooxml-schemas-4.1.2.jar;C:\Users\sivag\.m2\repository\org\apache\xmlbeans\xmlbeans\3.1.0\xmlbeans-3.1.0.jar;C:\Users\sivag\.m2\repository\org\apache\commons\commons-compress\1.19\commons-compress-1.19.jar;C:\Users\sivag\.m2\repository\com\github\virtuald\curvesapi\1.06\curvesapi-1.06.jar;C:\Users\sivag\.m2\repository\com\aventstack\extentreports\3.0.0\extentreports-3.0.0.jar;C:\Users\sivag\.m2\repository\org\freemarker\freemarker\2.3.23\freemarker-2.3.23.jar;C:\Users\sivag\.m2\repository\org\mongodb\mongodb-driver\3.3.0\mongodb-driver-3.3.0.jar;C:\Users\sivag\.m2\repository\org\mongodb\bson\3.3.0\bson-3.3.0.jar;C:\Users\sivag\.m2\repository\org\mongodb\mongodb-driver-core\3.3.0\mongodb-driver-core-3.3.0.jar;C:\Users\sivag\.m2\repository\log4j\log4j\1.2.17\log4j-1.2.17.jar;C:\Users\sivag\.m2\repository\org\apache\maven\surefire\surefire-testng-utils\2.21.0\surefire-testng-utils-2.21.0.jar;C:\Users\sivag\.m2\repository\org\apache\maven\surefire\surefire-grouper\2.21.0\surefire-grouper-2.21.0.jar;"/>
    <property name="sun.cpu.endian" value="little"/>
    <property name="user.home" value="C:\Users\sivag"/>
    <property name="user.language" value="en"/>
    <property name="java.specification.vendor" value="Oracle Corporation"/>
    <property name="java.home" value="C:\Program Files\Java\jdk1.8.0_241\jre"/>
    <property name="basedir" value="C:\Users\sivag\eclipse-workspace\RestAssuredAutomation_FrameworkProject"/>
    <property name="file.separator" value="\"/>
    <property name="line.separator" value="&#10;"/>
    <property name="java.vm.specification.vendor" value="Oracle Corporation"/>
    <property name="java.specification.name" value="Java Platform API Specification"/>
    <property name="java.awt.graphicsenv" value="sun.awt.Win32GraphicsEnvironment"/>
    <property name="surefire.real.class.path" value="C:\Users\sivag\AppData\Local\Temp\surefire799813024145671898\surefirebooter1357020499635563018.jar"/>
    <property name="sun.boot.class.path" value="C:\Program Files\Java\jdk1.8.0_241\jre\lib\resources.jar;C:\Program Files\Java\jdk1.8.0_241\jre\lib\rt.jar;C:\Program Files\Java\jdk1.8.0_241\jre\lib\sunrsasign.jar;C:\Program Files\Java\jdk1.8.0_241\jre\lib\jsse.jar;C:\Program Files\Java\jdk1.8.0_241\jre\lib\jce.jar;C:\Program Files\Java\jdk1.8.0_241\jre\lib\charsets.jar;C:\Program Files\Java\jdk1.8.0_241\jre\lib\jfr.jar;C:\Program Files\Java\jdk1.8.0_241\jre\classes"/>
    <property name="user.script" value=""/>
    <property name="sun.management.compiler" value="HotSpot 64-Bit Tiered Compilers"/>
    <property name="java.runtime.version" value="1.8.0_241-b07"/>
    <property name="user.name" value="sivag"/>
    <property name="path.separator" value=";"/>
    <property name="os.version" value="10.0"/>
    <property name="java.endorsed.dirs" value="C:\Program Files\Java\jdk1.8.0_241\jre\lib\endorsed"/>
    <property name="java.runtime.name" value="Java(TM) SE Runtime Environment"/>
    <property name="file.encoding" value="Cp1252"/>
    <property name="java.vm.name" value="Java HotSpot(TM) 64-Bit Server VM"/>
    <property name="localRepository" value="C:\Users\sivag\.m2\repository"/>
    <property name="java.vendor.url.bug" value="http://bugreport.sun.com/bugreport/"/>
    <property name="java.io.tmpdir" value="C:\Users\sivag\AppData\Local\Temp\"/>
    <property name="java.version" value="1.8.0_241"/>
    <property name="user.dir" value="C:\Users\sivag\eclipse-workspace\RestAssuredAutomation_FrameworkProject"/>
    <property name="os.arch" value="amd64"/>
    <property name="java.vm.specification.name" value="Java Virtual Machine Specification"/>
    <property name="java.awt.printerjob" value="sun.awt.windows.WPrinterJob"/>
    <property name="sun.os.patch.level" value=""/>
    <property name="java.library.path" value="C:\Program Files\Java\jdk1.8.0_241\jre\bin;C:\Windows\Sun\Java\bin;C:\Windows\system32;C:\Windows;C:\Program Files (x86)\Common Files\Oracle\Java\javapath;C:\Windows\system32;C:\Windows;C:\Windows\System32\Wbem;C:\Windows\System32\WindowsPowerShell\v1.0\;C:\Windows\System32\OpenSSH\;C:\Program Files\Git\cmd;C:\Program Files\apache-maven-3.6.3\bin;C:\Program Files\nodejs\;C:\Program Files\apache-maven-3.6.3\bin;C:\Program Files (x86)\Common Files\Oracle\Java\javapath;C:\Windows\system32;C:\Windows;C:\Windows\System32\Wbem;C:\Windows\System32\WindowsPowerShell\v1.0\;C:\Windows\System32\OpenSSH\;C:\Program Files\Git\cmd;C:\Users\sivag\Downloads\apache-maven-3.6.3-bin.zip\apache-maven-3.6.3\bin;C:\Program Files\nodejs\;C:\Users\sivag\AppData\Local\Microsoft\WindowsApps;C:\Users\sivag\AppData\Roaming\npm;C:\Users\sivag\Downloads\apache-maven-3.6.3-bin.zip\apache-maven-3.6.3\bin;;."/>
    <property name="java.vm.info" value="mixed mode"/>
    <property name="java.vendor" value="Oracle Corporation"/>
    <property name="java.vm.version" value="25.241-b07"/>
    <property name="java.ext.dirs" value="C:\Program Files\Java\jdk1.8.0_241\jre\lib\ext;C:\Windows\Sun\Java\lib\ext"/>
    <property name="sun.io.unicode.encoding" value="UnicodeLittle"/>
    <property name="java.class.version" value="52.0"/>
  </properties>
  <testcase name="checkContentEncoding" classname="org.com.projectname.testcases.TC001_GetAllEmployeeDetails" time="0.109"/>
  <testcase name="checkContentLength" classname="org.com.projectname.testcases.TC001_GetAllEmployeeDetails" time="0.341"/>
  <testcase name="checkCookies" classname="org.com.projectname.testcases.TC001_GetAllEmployeeDetails" time="0"/>
  <testcase name="checkResponseBody" classname="org.com.projectname.testcases.TC001_GetAllEmployeeDetails" time="0.016"/>
  <testcase name="checkResponseTime" classname="org.com.projectname.testcases.TC001_GetAllEmployeeDetails" time="0.016"/>
  <testcase name="checkServerType" classname="org.com.projectname.testcases.TC001_GetAllEmployeeDetails" time="0.015"/>
  <testcase name="checkStatusCode" classname="org.com.projectname.testcases.TC001_GetAllEmployeeDetails" time="0.016"/>
  <testcase name="checkStatusLine" classname="org.com.projectname.testcases.TC001_GetAllEmployeeDetails" time="0"/>
  <testcase name="contentType" classname="org.com.projectname.testcases.TC001_GetAllEmployeeDetails" time="0.016"/>
  <testcase name="tearDown" classname="org.com.projectname.testcases.TC001_GetAllEmployeeDetails" time="0.015"/>
  <testcase name="checkContentType" classname="org.com.projectname.testcases.TC_002_GetSingleEmployeeDetail" time="0.078"/>
  <testcase name="checkResponeBody" classname="org.com.projectname.testcases.TC_002_GetSingleEmployeeDetail" time="2.492"/>
  <testcase name="checkResponsTime" classname="org.com.projectname.testcases.TC_002_GetSingleEmployeeDetail" time="0.015"/>
  <testcase name="checkServerType" classname="org.com.projectname.testcases.TC_002_GetSingleEmployeeDetail" time="0"/>
  <testcase name="checkStatusCode" classname="org.com.projectname.testcases.TC_002_GetSingleEmployeeDetail" time="0.014">
    <failure message="expected [200] but found [404]" type="java.lang.AssertionError">java.lang.AssertionError: expected [200] but found [404]
	at org.com.projectname.testcases.TC_002_GetSingleEmployeeDetail.checkStatusCode(TC_002_GetSingleEmployeeDetail.java:38)
</failure>
    <system-out><![CDATA[2020-04-25 13:58:34 INFO  EmployeesRestAPI:35 - <-------Checking Status Code----->
2020-04-25 13:58:34 INFO  EmployeesRestAPI:37 - The Status Code is ==>404
]]></system-out>
  </testcase>
  <testcase name="checkStatusLine" classname="org.com.projectname.testcases.TC_002_GetSingleEmployeeDetail" time="0.016">
    <failure message="expected [HTTP/1.1 200 OK] but found [HTTP/1.1 404 Not Found]" type="java.lang.AssertionError">java.lang.AssertionError: expected [HTTP/1.1 200 OK] but found [HTTP/1.1 404 Not Found]
	at org.com.projectname.testcases.TC_002_GetSingleEmployeeDetail.checkStatusLine(TC_002_GetSingleEmployeeDetail.java:57)
</failure>
    <system-out><![CDATA[2020-04-25 13:58:34 INFO  EmployeesRestAPI:54 - <-------Checking Status Line
2020-04-25 13:58:34 INFO  EmployeesRestAPI:56 - The Status Line is ==>HTTP/1.1 404 Not Found
]]></system-out>
  </testcase>
  <testcase name="checkContentLength" classname="org.com.projectname.testcases.TC_003_Post_SingleEmployeeDetail" time="0.046"/>
  <testcase name="checkContentType" classname="org.com.projectname.testcases.TC_003_Post_SingleEmployeeDetail" time="0.016"/>
  <testcase name="checkResponsTime" classname="org.com.projectname.testcases.TC_003_Post_SingleEmployeeDetail" time="0.031"/>
  <testcase name="checkResponseBody" classname="org.com.projectname.testcases.TC_003_Post_SingleEmployeeDetail" time="0.032"/>
  <testcase name="checkServerType" classname="org.com.projectname.testcases.TC_003_Post_SingleEmployeeDetail" time="0.015"/>
  <testcase name="checkStatusCode" classname="org.com.projectname.testcases.TC_003_Post_SingleEmployeeDetail" time="0.016"/>
</testsuite>