<?xml version="1.0" encoding="UTF-8"?>
<!-- Generated by org.testng.reporters.JUnitReportReporter -->
<testsuite skipped="0" hostname="DESKTOP-P20C76C" name="org.com.projectname.testcases.TC_003_Put_SingleEmployeeDetail" tests="6" failures="0" timestamp="27 Apr 2020 14:26:55 GMT" time="0.068" errors="0">
  <testcase name="checkStatusCode" time="0.016" classname="org.com.projectname.testcases.TC_003_Put_SingleEmployeeDetail"/>
  <testcase name="checkResponseBody" time="0.016" classname="org.com.projectname.testcases.TC_003_Put_SingleEmployeeDetail"/>
  <testcase name="checkContentLength" time="0.000" classname="org.com.projectname.testcases.TC_003_Put_SingleEmployeeDetail"/>
  <testcase name="checkResponsTime" time="0.015" classname="org.com.projectname.testcases.TC_003_Put_SingleEmployeeDetail"/>
  <testcase name="checkConnectionType" time="0.021" classname="org.com.projectname.testcases.TC_003_Put_SingleEmployeeDetail"/>
  <testcase name="checkContentType" time="0.000" classname="org.com.projectname.testcases.TC_003_Put_SingleEmployeeDetail"/>
</testsuite> <!-- org.com.projectname.testcases.TC_003_Put_SingleEmployeeDetail -->
