<?xml version="1.0" encoding="UTF-8"?>
<!-- Generated by org.testng.reporters.JUnitReportReporter -->
<testsuite skipped="0" hostname="DESKTOP-P20C76C" name="org.com.projectname.testcases.TC001_GetAllEmployeeDetails" tests="10" failures="0" timestamp="27 Apr 2020 14:26:55 GMT" time="0.179" errors="0">
  <testcase name="checkStatusCode" time="0.000" classname="org.com.projectname.testcases.TC001_GetAllEmployeeDetails"/>
  <testcase name="contentType" time="0.000" classname="org.com.projectname.testcases.TC001_GetAllEmployeeDetails"/>
  <testcase name="tearDown" time="0.016" classname="org.com.projectname.testcases.TC001_GetAllEmployeeDetails"/>
  <testcase name="checkContentEncoding" time="0.038" classname="org.com.projectname.testcases.TC001_GetAllEmployeeDetails"/>
  <testcase name="checkResponseTime" time="0.016" classname="org.com.projectname.testcases.TC001_GetAllEmployeeDetails"/>
  <testcase name="checkCookies" time="0.016" classname="org.com.projectname.testcases.TC001_GetAllEmployeeDetails"/>
  <testcase name="checkContentLength" time="0.000" classname="org.com.projectname.testcases.TC001_GetAllEmployeeDetails"/>
  <testcase name="checkStatusLine" time="0.000" classname="org.com.projectname.testcases.TC001_GetAllEmployeeDetails"/>
  <testcase name="checkResponseBody" time="0.093" classname="org.com.projectname.testcases.TC001_GetAllEmployeeDetails"/>
  <testcase name="checkServerType" time="0.000" classname="org.com.projectname.testcases.TC001_GetAllEmployeeDetails"/>
</testsuite> <!-- org.com.projectname.testcases.TC001_GetAllEmployeeDetails -->
