<?xml version="1.0" encoding="UTF-8"?>
<!-- Generated by org.testng.reporters.JUnitReportReporter -->
<testsuite skipped="0" hostname="DESKTOP-P20C76C" name="org.com.projectname.testcases.TC_002_GetSingleEmployeeDetail" tests="5" failures="0" timestamp="27 Apr 2020 14:26:55 GMT" time="0.024" errors="0">
  <testcase name="checkResponeBody" time="0.016" classname="org.com.projectname.testcases.TC_002_GetSingleEmployeeDetail"/>
  <testcase name="checkResponsTime" time="0.000" classname="org.com.projectname.testcases.TC_002_GetSingleEmployeeDetail"/>
  <testcase name="checkStatusLine" time="0.000" classname="org.com.projectname.testcases.TC_002_GetSingleEmployeeDetail"/>
  <testcase name="checkStatusCode" time="0.000" classname="org.com.projectname.testcases.TC_002_GetSingleEmployeeDetail"/>
  <testcase name="checkContentType" time="0.008" classname="org.com.projectname.testcases.TC_002_GetSingleEmployeeDetail"/>
</testsuite> <!-- org.com.projectname.testcases.TC_002_GetSingleEmployeeDetail -->
