<?xml version="1.0" encoding="UTF-8"?>
<!-- Generated by org.testng.reporters.JUnitReportReporter -->
<testsuite skipped="0" hostname="DESKTOP-P20C76C" name="org.com.projectname.testcases.TC_003_Post_SingleEmployeeDetail" tests="6" failures="0" timestamp="25 Apr 2020 08:28:42 GMT" time="0.015" errors="0">
  <testcase name="checkResponseBody" time="0.000" classname="org.com.projectname.testcases.TC_003_Post_SingleEmployeeDetail"/>
  <testcase name="checkStatusCode" time="0.000" classname="org.com.projectname.testcases.TC_003_Post_SingleEmployeeDetail"/>
  <testcase name="checkResponsTime" time="0.015" classname="org.com.projectname.testcases.TC_003_Post_SingleEmployeeDetail"/>
  <testcase name="checkServerType" time="0.000" classname="org.com.projectname.testcases.TC_003_Post_SingleEmployeeDetail"/>
  <testcase name="checkContentType" time="0.000" classname="org.com.projectname.testcases.TC_003_Post_SingleEmployeeDetail"/>
  <testcase name="checkContentLength" time="0.000" classname="org.com.projectname.testcases.TC_003_Post_SingleEmployeeDetail"/>
</testsuite> <!-- org.com.projectname.testcases.TC_003_Post_SingleEmployeeDetail -->
