<?xml version="1.0" encoding="UTF-8"?>
<!-- Generated by org.testng.reporters.JUnitReportReporter -->
<testsuite skipped="0" hostname="DESKTOP-P20C76C" name="org.com.projectname.testcases.TC001_GetAllEmployeeDetails" tests="10" failures="0" timestamp="25 Apr 2020 08:28:42 GMT" time="0.161" errors="0">
  <testcase name="checkServerType" time="0.000" classname="org.com.projectname.testcases.TC001_GetAllEmployeeDetails"/>
  <testcase name="contentType" time="0.004" classname="org.com.projectname.testcases.TC001_GetAllEmployeeDetails"/>
  <testcase name="checkStatusCode" time="0.000" classname="org.com.projectname.testcases.TC001_GetAllEmployeeDetails"/>
  <testcase name="checkCookies" time="0.004" classname="org.com.projectname.testcases.TC001_GetAllEmployeeDetails"/>
  <testcase name="checkStatusLine" time="0.008" classname="org.com.projectname.testcases.TC001_GetAllEmployeeDetails"/>
  <testcase name="checkContentLength" time="0.008" classname="org.com.projectname.testcases.TC001_GetAllEmployeeDetails"/>
  <testcase name="checkResponseTime" time="0.004" classname="org.com.projectname.testcases.TC001_GetAllEmployeeDetails"/>
  <testcase name="tearDown" time="0.004" classname="org.com.projectname.testcases.TC001_GetAllEmployeeDetails"/>
  <testcase name="checkResponseBody" time="0.125" classname="org.com.projectname.testcases.TC001_GetAllEmployeeDetails"/>
  <testcase name="checkContentEncoding" time="0.004" classname="org.com.projectname.testcases.TC001_GetAllEmployeeDetails"/>
</testsuite> <!-- org.com.projectname.testcases.TC001_GetAllEmployeeDetails -->
